<?xml version="1.0" encoding="UTF-8"?>
<!-- Generated by org.testng.reporters.JUnitReportReporter -->
<testsuite hostname="LAPTOP-S7F1L181" failures="0" tests="15" name="com.runner.TestRunner" time="7.205" errors="0" timestamp="2023-01-13T12:08:56 CST" skipped="0">
  <testcase classname="com.runner.TestRunner" name="runScenario" time="0.239"/>
  <system-out/>
  <testcase classname="com.runner.TestRunner" name="runScenario" time="0.230"/>
  <system-out/>
  <testcase classname="com.runner.TestRunner" name="runScenario" time="0.232"/>
  <system-out/>
  <testcase classname="com.runner.TestRunner" name="runScenario" time="0.273"/>
  <system-out/>
  <testcase classname="com.runner.TestRunner" name="runScenario" time="0.252"/>
  <system-out/>
  <testcase classname="com.runner.TestRunner" name="runScenario" time="0.233"/>
  <system-out/>
  <testcase classname="com.runner.TestRunner" name="runScenario" time="1.194"/>
  <system-out/>
  <testcase classname="com.runner.TestRunner" name="runScenario" time="2.757"/>
  <system-out/>
  <testcase classname="com.runner.TestRunner" name="runScenario" time="0.225"/>
  <system-out/>
  <testcase classname="com.runner.TestRunner" name="runScenario" time="0.250"/>
  <system-out/>
  <testcase classname="com.runner.TestRunner" name="runScenario" time="0.222"/>
  <system-out/>
  <testcase classname="com.runner.TestRunner" name="runScenario" time="0.235"/>
  <system-out/>
  <testcase classname="com.runner.TestRunner" name="runScenario" time="0.234"/>
  <system-out/>
  <testcase classname="com.runner.TestRunner" name="runScenario" time="0.238"/>
  <system-out/>
  <testcase classname="com.runner.TestRunner" name="runScenario" time="0.391"/>
  <system-out/>
</testsuite> <!-- com.runner.TestRunner -->
