<?xml version="1.0" encoding="UTF-8"?>
<!-- Generated by org.testng.reporters.JUnitReportReporter -->
<testsuite hostname="LAPTOP-S7F1L181" failures="0" tests="18" name="com.runner.TestRunner" time="7.443" errors="0" timestamp="2023-01-16T15:51:54 CST" skipped="0">
  <testcase classname="com.runner.TestRunner" name="runScenario" time="0.229"/>
  <system-out/>
  <testcase classname="com.runner.TestRunner" name="runScenario" time="0.229"/>
  <system-out/>
  <testcase classname="com.runner.TestRunner" name="runScenario" time="0.213"/>
  <system-out/>
  <testcase classname="com.runner.TestRunner" name="runScenario" time="0.225"/>
  <system-out/>
  <testcase classname="com.runner.TestRunner" name="runScenario" time="0.235"/>
  <system-out/>
  <testcase classname="com.runner.TestRunner" name="runScenario" time="0.223"/>
  <system-out/>
  <testcase classname="com.runner.TestRunner" name="runScenario" time="0.813"/>
  <system-out/>
  <testcase classname="com.runner.TestRunner" name="runScenario" time="0.223"/>
  <system-out/>
  <testcase classname="com.runner.TestRunner" name="runScenario" time="2.575"/>
  <system-out/>
  <testcase classname="com.runner.TestRunner" name="runScenario" time="0.236"/>
  <system-out/>
  <testcase classname="com.runner.TestRunner" name="runScenario" time="0.275"/>
  <system-out/>
  <testcase classname="com.runner.TestRunner" name="runScenario" time="0.230"/>
  <system-out/>
  <testcase classname="com.runner.TestRunner" name="runScenario" time="0.239"/>
  <system-out/>
  <testcase classname="com.runner.TestRunner" name="runScenario" time="0.262"/>
  <system-out/>
  <testcase classname="com.runner.TestRunner" name="runScenario" time="0.548"/>
  <system-out/>
  <testcase classname="com.runner.TestRunner" name="runScenario" time="0.218"/>
  <system-out/>
  <testcase classname="com.runner.TestRunner" name="runScenario" time="0.239"/>
  <system-out/>
  <testcase classname="com.runner.TestRunner" name="runScenario" time="0.231"/>
  <system-out/>
</testsuite> <!-- com.runner.TestRunner -->
