<?xml version="1.0" encoding="UTF-8"?>
<!-- Generated by org.testng.reporters.JUnitReportReporter -->
<testsuite skipped="0" hostname="LAPTOP-S7F1L181" name="com.runner.TestRunner" tests="33" failures="0" timestamp="2023-01-20T07:34:41 CST" time="39.772" errors="0">
  <testcase name="runScenario" time="0.290" classname="com.runner.TestRunner"/>
  <system-out/>
  <testcase name="runScenario" time="0.292" classname="com.runner.TestRunner"/>
  <system-out/>
  <testcase name="runScenario" time="2.698" classname="com.runner.TestRunner"/>
  <system-out/>
  <testcase name="runScenario" time="0.309" classname="com.runner.TestRunner"/>
  <system-out/>
  <testcase name="runScenario" time="1.135" classname="com.runner.TestRunner"/>
  <system-out/>
  <testcase name="runScenario" time="0.330" classname="com.runner.TestRunner"/>
  <system-out/>
  <testcase name="runScenario" time="2.123" classname="com.runner.TestRunner"/>
  <system-out/>
  <testcase name="runScenario" time="0.364" classname="com.runner.TestRunner"/>
  <system-out/>
  <testcase name="runScenario" time="0.307" classname="com.runner.TestRunner"/>
  <system-out/>
  <testcase name="runScenario" time="0.283" classname="com.runner.TestRunner"/>
  <system-out/>
  <testcase name="runScenario" time="0.544" classname="com.runner.TestRunner"/>
  <system-out/>
  <testcase name="runScenario" time="0.287" classname="com.runner.TestRunner"/>
  <system-out/>
  <testcase name="runScenario" time="0.284" classname="com.runner.TestRunner"/>
  <system-out/>
  <testcase name="runScenario" time="0.321" classname="com.runner.TestRunner"/>
  <system-out/>
  <testcase name="runScenario" time="0.298" classname="com.runner.TestRunner"/>
  <system-out/>
  <testcase name="runScenario" time="0.301" classname="com.runner.TestRunner"/>
  <system-out/>
  <testcase name="runScenario" time="0.283" classname="com.runner.TestRunner"/>
  <system-out/>
  <testcase name="runScenario" time="0.301" classname="com.runner.TestRunner"/>
  <system-out/>
  <testcase name="runScenario" time="0.328" classname="com.runner.TestRunner"/>
  <system-out/>
  <testcase name="runScenario" time="23.669" classname="com.runner.TestRunner"/>
  <system-out/>
  <testcase name="runScenario" time="0.256" classname="com.runner.TestRunner"/>
  <system-out/>
  <testcase name="runScenario" time="0.340" classname="com.runner.TestRunner"/>
  <system-out/>
  <testcase name="runScenario" time="0.567" classname="com.runner.TestRunner"/>
  <system-out/>
  <testcase name="runScenario" time="0.352" classname="com.runner.TestRunner"/>
  <system-out/>
  <testcase name="runScenario" time="1.164" classname="com.runner.TestRunner"/>
  <system-out/>
  <testcase name="runScenario" time="0.259" classname="com.runner.TestRunner"/>
  <system-out/>
  <testcase name="runScenario" time="0.309" classname="com.runner.TestRunner"/>
  <system-out/>
  <testcase name="runScenario" time="0.316" classname="com.runner.TestRunner"/>
  <system-out/>
  <testcase name="runScenario" time="0.305" classname="com.runner.TestRunner"/>
  <system-out/>
  <testcase name="runScenario" time="0.334" classname="com.runner.TestRunner"/>
  <system-out/>
  <testcase name="runScenario" time="0.273" classname="com.runner.TestRunner"/>
  <system-out/>
  <testcase name="runScenario" time="0.300" classname="com.runner.TestRunner"/>
  <system-out/>
  <testcase name="runScenario" time="0.250" classname="com.runner.TestRunner"/>
  <system-out/>
</testsuite> <!-- com.runner.TestRunner -->
